{
  "RSpec": {
    "coverage": {
      "/Users/sushadore/Desktop/Phillys_Finds/spec/features/add_product_spec.rb": [

      ],
      "/Users/sushadore/Desktop/Phillys_Finds/spec/features/add_review_spec.rb": [
        1,
        null,
        1,
        1,
        1,
        1,
        1,
        1,
        1,
        1,
        1,
        1,
        1,
        1,
        1,
        1,
        1,
        1,
        1,
        null,
        null,
        1,
        1,
        1,
        1,
        1,
        1,
        1,
        1,
        1,
        1,
        1,
        1,
        1,
        null,
        null
      ],
      "/Users/sushadore/Desktop/Phillys_Finds/spec/rails_helper.rb": [
        null,
        1,
        1,
        1,
        null,
        1,
        1,
        null,
        null,
        null,
        null,
        null,
        null,
        null,
        null,
        null,
        null,
        null,
        null,
        null,
        null,
        null,
        null,
        null,
        null,
        null,
        1,
        null,
        1,
        null,
        1,
        null,
        null,
        null,
        null,
        1,
        null,
        null,
        null,
        null,
        null,
        null,
        null,
        null,
        null,
        null,
        null,
        null,
        null,
        null,
        1,
        null,
        null,
        1,
        null,
        null,
        null,
        null,
        1,
        1,
        1,
        1,
        null,
        null
      ],
      "/Users/sushadore/Desktop/Phillys_Finds/config/environment.rb": [
        null,
        1,
        null,
        null,
        1
      ],
      "/Users/sushadore/Desktop/Phillys_Finds/config/application.rb": [
        1,
        null,
        1,
        null,
        1,
        1,
        1,
        1,
        1,
        1,
        1,
        1,
        null,
        null,
        null,
        null,
        1,
        null,
        1,
        1,
        null,
        1,
        null,
        null,
        null,
        null,
        null,
        null,
        1,
        null,
        null
      ],
      "/Users/sushadore/Desktop/Phillys_Finds/config/boot.rb": [
        1,
        null,
        1
      ],
      "/Users/sushadore/Desktop/Phillys_Finds/config/environments/test.rb": [
        1,
        null,
        null,
        null,
        null,
        null,
        null,
        1,
        null,
        null,
        null,
        null,
        1,
        null,
        null,
        1,
        1,
        null,
        null,
        null,
        null,
        1,
        1,
        null,
        null,
        1,
        null,
        null,
        1,
        1,
        null,
        null,
        null,
        null,
        1,
        null,
        null,
        1,
        null,
        null,
        null,
        null
      ],
      "/Users/sushadore/Desktop/Phillys_Finds/config/initializers/application_controller_renderer.rb": [
        null,
        null,
        null,
        null,
        null,
        null
      ],
      "/Users/sushadore/Desktop/Phillys_Finds/config/initializers/assets.rb": [
        null,
        null,
        null,
        1,
        null,
        null,
        null,
        null,
        1,
        null,
        null,
        null,
        null,
        null
      ],
      "/Users/sushadore/Desktop/Phillys_Finds/config/initializers/backtrace_silencers.rb": [
        null,
        null,
        null,
        null,
        null,
        null,
        null
      ],
      "/Users/sushadore/Desktop/Phillys_Finds/config/initializers/cookies_serializer.rb": [
        null,
        null,
        null,
        null,
        1
      ],
      "/Users/sushadore/Desktop/Phillys_Finds/config/initializers/filter_parameter_logging.rb": [
        null,
        null,
        null,
        1
      ],
      "/Users/sushadore/Desktop/Phillys_Finds/config/initializers/inflections.rb": [
        null,
        null,
        null,
        null,
        null,
        null,
        null,
        null,
        null,
        null,
        null,
        null,
        null,
        null,
        null,
        null
      ],
      "/Users/sushadore/Desktop/Phillys_Finds/config/initializers/mime_types.rb": [
        null,
        null,
        null,
        null
      ],
      "/Users/sushadore/Desktop/Phillys_Finds/config/initializers/wrap_parameters.rb": [
        null,
        null,
        null,
        null,
        null,
        null,
        1,
        2,
        null,
        null,
        null,
        null,
        null,
        null
      ],
      "/Users/sushadore/Desktop/Phillys_Finds/app/channels/application_cable/channel.rb": [
        1,
        1,
        null,
        null
      ],
      "/Users/sushadore/Desktop/Phillys_Finds/app/channels/application_cable/connection.rb": [
        1,
        1,
        null,
        null
      ],
      "/Users/sushadore/Desktop/Phillys_Finds/app/controllers/admin_sessions_controller.rb": [
        1,
        1,
        1,
        1,
        1,
        1,
        1,
        null,
        0,
        0,
        null,
        null,
        null,
        1,
        2,
        2,
        2,
        null,
        null
      ],
      "/Users/sushadore/Desktop/Phillys_Finds/app/controllers/application_controller.rb": [
        1,
        1,
        1,
        1,
        null,
        1,
        73,
        33,
        null,
        null,
        null,
        1,
        51,
        14,
        null,
        null,
        null
      ],
      "/Users/sushadore/Desktop/Phillys_Finds/app/helpers/application_helper.rb": [
        1,
        null
      ],
      "/Users/sushadore/Desktop/Phillys_Finds/app/controllers/admins_controller.rb": [
        1,
        null,
        1,
        3,
        null,
        null,
        1,
        3,
        3,
        3,
        3,
        3,
        null,
        0,
        0,
        null,
        null,
        null,
        1,
        null,
        1,
        3,
        null,
        null
      ],
      "/Users/sushadore/Desktop/Phillys_Finds/app/controllers/products_controller.rb": [
        1,
        null,
        1,
        24,
        null,
        null,
        1,
        9,
        null,
        null,
        1,
        0,
        null,
        null,
        1,
        0,
        0,
        0,
        0,
        null,
        0,
        null,
        null,
        null,
        1,
        0,
        null,
        null,
        1,
        0,
        0,
        0,
        0,
        null,
        0,
        null,
        null,
        null,
        1,
        0,
        0,
        0,
        null,
        null,
        1,
        1,
        0,
        null,
        null
      ],
      "/Users/sushadore/Desktop/Phillys_Finds/app/controllers/reviews_controller.rb": [
        1,
        null,
        1,
        2,
        2,
        null,
        null,
        1,
        2,
        2,
        2,
        1,
        null,
        1,
        null,
        null,
        null,
        1,
        0,
        0,
        0,
        0,
        null,
        null,
        1,
        1,
        2,
        null,
        null
      ],
      "/Users/sushadore/Desktop/Phillys_Finds/app/controllers/sessions_controller.rb": [
        1,
        1,
        1,
        1,
        1,
        1,
        1,
        null,
        0,
        0,
        null,
        null,
        null,
        1,
        2,
        2,
        2,
        null,
        null
      ],
      "/Users/sushadore/Desktop/Phillys_Finds/app/controllers/users_controller.rb": [
        1,
        null,
        1,
        9,
        null,
        null,
        1,
        7,
        7,
        5,
        5,
        5,
        null,
        2,
        2,
        null,
        null,
        null,
        1,
        null,
        1,
        7,
        null,
        null
      ],
      "/Users/sushadore/Desktop/Phillys_Finds/app/jobs/application_job.rb": [
        1,
        null
      ],
      "/Users/sushadore/Desktop/Phillys_Finds/app/mailers/application_mailer.rb": [
        1,
        1,
        1,
        null
      ],
      "/Users/sushadore/Desktop/Phillys_Finds/app/models/admin.rb": [
        1,
        1,
        1,
        1,
        1,
        null,
        1,
        3,
        3,
        null,
        null,
        1,
        1,
        1,
        1,
        null,
        null,
        null,
        null,
        null
      ],
      "/Users/sushadore/Desktop/Phillys_Finds/app/models/application_record.rb": [
        1,
        1,
        null
      ],
      "/Users/sushadore/Desktop/Phillys_Finds/app/models/product.rb": [
        1,
        1,
        1,
        1,
        1,
        null
      ],
      "/Users/sushadore/Desktop/Phillys_Finds/app/models/review.rb": [
        1,
        1,
        1,
        1,
        1,
        null
      ],
      "/Users/sushadore/Desktop/Phillys_Finds/app/models/user.rb": [
        1,
        1,
        1,
        1,
        1,
        1,
        null,
        1,
        11,
        11,
        null,
        null,
        1,
        1,
        1,
        1,
        null,
        null,
        null,
        null,
        null
      ],
      "/Users/sushadore/Desktop/Phillys_Finds/spec/factories.rb": [
        1,
        1,
        1,
        1,
        1,
        null,
        null,
        1,
        1,
        1,
        1,
        null,
        null
      ],
      "/Users/sushadore/Desktop/Phillys_Finds/config/routes.rb": [
        1,
        1,
        1,
        1,
        null,
        1,
        1,
        1,
        null,
        1,
        1,
        1,
        null,
        1,
        1,
        1,
        null,
        1,
        1,
        null,
        null
      ],
      "/Users/sushadore/Desktop/Phillys_Finds/spec/features/delete_product_spec.rb": [

      ],
      "/Users/sushadore/Desktop/Phillys_Finds/spec/features/delete_review_spec.rb": [

      ],
      "/Users/sushadore/Desktop/Phillys_Finds/spec/features/edit_product_spec.rb": [

      ],
      "/Users/sushadore/Desktop/Phillys_Finds/spec/features/sign_in_admin_spec.rb": [
        1,
        null,
        1,
        1,
        1,
        1,
        1,
        1,
        1,
        1,
        1,
        1,
        1,
        1,
        1,
        1,
        1,
        1,
        1,
        1,
        1,
        1,
        null,
        1,
        1,
        1,
        1,
        1,
        1,
        1,
        1,
        1,
        1,
        1,
        1,
        1,
        null,
        null
      ],
      "/Users/sushadore/Desktop/Phillys_Finds/spec/features/sign_in_user_spec.rb": [
        1,
        null,
        1,
        1,
        1,
        1,
        1,
        1,
        1,
        1,
        1,
        1,
        1,
        1,
        1,
        1,
        1,
        1,
        null,
        null,
        1,
        1,
        1,
        1,
        1,
        1,
        1,
        1,
        1,
        1,
        null,
        null,
        null
      ],
      "/Users/sushadore/Desktop/Phillys_Finds/spec/features/sign_up_admin_spec.rb": [
        1,
        null,
        1,
        1,
        1,
        1,
        1,
        1,
        1,
        1,
        1,
        1,
        1,
        1,
        null,
        null,
        1,
        1,
        1,
        1,
        1,
        1,
        1,
        1,
        1,
        null,
        null
      ],
      "/Users/sushadore/Desktop/Phillys_Finds/spec/features/sign_up_user_spec.rb": [
        1,
        null,
        1,
        1,
        1,
        1,
        1,
        1,
        1,
        1,
        1,
        1,
        1,
        null,
        null,
        1,
        1,
        1,
        1,
        1,
        1,
        1,
        1,
        1,
        null,
        null
      ],
      "/Users/sushadore/Desktop/Phillys_Finds/spec/models/admin_spec.rb": [
        1,
        null,
        1,
        2,
        2,
        2,
        null
      ],
      "/Users/sushadore/Desktop/Phillys_Finds/spec/models/product_spec.rb": [
        1,
        null,
        1,
        2,
        2,
        2,
        2,
        2,
        null
      ],
      "/Users/sushadore/Desktop/Phillys_Finds/spec/models/review_spec.rb": [
        1,
        null,
        1,
        2,
        2,
        2,
        2,
        2,
        null
      ],
      "/Users/sushadore/Desktop/Phillys_Finds/spec/models/user_spec.rb": [
        1,
        null,
        1,
        2,
        2,
        2,
        2,
        2,
        null
      ]
    },
    "timestamp": 1499805879
  }
}
